app/build/intermediates/manifest_merge_blame_file/debug/manifest-merger-blame-debug-report.txt
1<?xml version="1.0" encoding="utf-8"?>
2<manifest xmlns:android="http://schemas.android.com/apk/res/android"
3    package="com.banthi.androiddemos"
4    android:versionCode="1"
5    android:versionName="1.0" >
6
7    <uses-sdk
8        android:minSdkVersion="24"
9        android:targetSdkVersion="33" />
10
11    <uses-permission-sdk-23 android:name="android.permission.INTERNET" />
11-->src/main/AndroidManifest.xml:5:5-74
11-->src/main/AndroidManifest.xml:5:29-71
12
13    <permission
13-->[androidx.core:core:1.13.0] AndroidManifest.xml:22:5-24:47
14        android:name="com.banthi.androiddemos.DYNAMIC_RECEIVER_NOT_EXPORTED_PERMISSION"
14-->[androidx.core:core:1.13.0] AndroidManifest.xml:23:9-81
15        android:protectionLevel="signature" />
15-->[androidx.core:core:1.13.0] AndroidManifest.xml:24:9-44
16
17    <uses-permission android:name="com.banthi.androiddemos.DYNAMIC_RECEIVER_NOT_EXPORTED_PERMISSION" />
17-->[androidx.core:core:1.13.0] AndroidManifest.xml:26:5-97
17-->[androidx.core:core:1.13.0] AndroidManifest.xml:26:22-94
18
19    <application
19-->src/main/AndroidManifest.xml:7:5-68:19
20        android:allowBackup="true"
20-->src/main/AndroidManifest.xml:8:9-35
21        android:appComponentFactory="androidx.core.app.CoreComponentFactory"
21-->[androidx.core:core:1.13.0] AndroidManifest.xml:28:18-86
22        android:dataExtractionRules="@xml/data_extraction_rules"
22-->src/main/AndroidManifest.xml:9:9-65
23        android:debuggable="true"
24        android:extractNativeLibs="false"
25        android:fullBackupContent="@xml/backup_rules"
25-->src/main/AndroidManifest.xml:10:9-54
26        android:icon="@mipmap/ic_logo"
26-->src/main/AndroidManifest.xml:11:9-39
27        android:label="@string/app_name"
27-->src/main/AndroidManifest.xml:12:9-41
28        android:roundIcon="@mipmap/ic_logo"
28-->src/main/AndroidManifest.xml:13:9-44
29        android:supportsRtl="true"
29-->src/main/AndroidManifest.xml:14:9-35
30        android:testOnly="true"
31        android:theme="@style/custom_style" >
31-->src/main/AndroidManifest.xml:15:9-44
32        <activity
32-->src/main/AndroidManifest.xml:17:9-19:40
33            android:name="com.banthi.androiddemos.GlideDetour"
33-->src/main/AndroidManifest.xml:18:13-40
34            android:exported="false" />
34-->src/main/AndroidManifest.xml:19:13-37
35        <activity
35-->src/main/AndroidManifest.xml:20:9-28:20
36            android:name="com.banthi.androiddemos.contactRecyclerView.ContactRecyclerView"
36-->src/main/AndroidManifest.xml:21:13-68
37            android:exported="true" >
37-->src/main/AndroidManifest.xml:22:13-36
38            <intent-filter>
38-->src/main/AndroidManifest.xml:23:13-27:29
39                <action android:name="android.intent.action.MAIN" />
39-->src/main/AndroidManifest.xml:24:17-69
39-->src/main/AndroidManifest.xml:24:25-66
40
41                <category android:name="android.intent.category.LAUNCHER" />
41-->src/main/AndroidManifest.xml:26:17-77
41-->src/main/AndroidManifest.xml:26:27-74
42            </intent-filter>
43        </activity>
44        <activity
44-->src/main/AndroidManifest.xml:29:9-31:39
45            android:name="com.banthi.androiddemos.Cardview"
45-->src/main/AndroidManifest.xml:30:13-37
46            android:exported="true" />
46-->src/main/AndroidManifest.xml:31:13-36
47        <activity
47-->src/main/AndroidManifest.xml:32:9-34:40
48            android:name="com.banthi.androiddemos.SnackBar"
48-->src/main/AndroidManifest.xml:33:13-37
49            android:exported="false" />
49-->src/main/AndroidManifest.xml:34:13-37
50        <activity
50-->src/main/AndroidManifest.xml:35:9-37:40
51            android:name="com.banthi.androiddemos.MaterialDesign1"
51-->src/main/AndroidManifest.xml:36:13-44
52            android:exported="false" />
52-->src/main/AndroidManifest.xml:37:13-37
53        <activity
53-->src/main/AndroidManifest.xml:38:9-40:40
54            android:name="com.banthi.androiddemos.XMLFiles"
54-->src/main/AndroidManifest.xml:39:13-37
55            android:exported="false" />
55-->src/main/AndroidManifest.xml:40:13-37
56        <activity
56-->src/main/AndroidManifest.xml:41:9-43:40
57            android:name="com.banthi.androiddemos.Listview"
57-->src/main/AndroidManifest.xml:42:13-37
58            android:exported="false" />
58-->src/main/AndroidManifest.xml:43:13-37
59        <activity
59-->src/main/AndroidManifest.xml:44:9-46:40
60            android:name="com.banthi.androiddemos.Images"
60-->src/main/AndroidManifest.xml:45:13-35
61            android:exported="false" />
61-->src/main/AndroidManifest.xml:46:13-37
62        <activity
62-->src/main/AndroidManifest.xml:47:9-49:40
63            android:name="com.banthi.androiddemos.CordLayout"
63-->src/main/AndroidManifest.xml:48:13-39
64            android:exported="false" />
64-->src/main/AndroidManifest.xml:49:13-37
65        <activity
65-->src/main/AndroidManifest.xml:50:9-52:40
66            android:name="com.banthi.androiddemos.LinLayout"
66-->src/main/AndroidManifest.xml:51:13-38
67            android:exported="false" />
67-->src/main/AndroidManifest.xml:52:13-37
68        <activity
68-->src/main/AndroidManifest.xml:53:9-55:40
69            android:name="com.banthi.androiddemos.RelLayout"
69-->src/main/AndroidManifest.xml:54:13-38
70            android:exported="false" />
70-->src/main/AndroidManifest.xml:55:13-37
71        <activity
71-->src/main/AndroidManifest.xml:56:9-58:40
72            android:name="com.banthi.androiddemos.RadioBtn"
72-->src/main/AndroidManifest.xml:57:13-37
73            android:exported="false" />
73-->src/main/AndroidManifest.xml:58:13-37
74        <activity
74-->src/main/AndroidManifest.xml:59:9-61:40
75            android:name="com.banthi.androiddemos.Checkbox"
75-->src/main/AndroidManifest.xml:60:13-37
76            android:exported="false" />
76-->src/main/AndroidManifest.xml:61:13-37
77        <activity
77-->src/main/AndroidManifest.xml:62:9-64:40
78            android:name="com.banthi.androiddemos.EventsFromUI"
78-->src/main/AndroidManifest.xml:63:13-41
79            android:exported="false" />
79-->src/main/AndroidManifest.xml:64:13-37
80        <activity
80-->src/main/AndroidManifest.xml:65:9-67:40
81            android:name="com.banthi.androiddemos.EventsByImplementation"
81-->src/main/AndroidManifest.xml:66:13-51
82            android:exported="false" />
82-->src/main/AndroidManifest.xml:67:13-37
83
84        <provider
84-->[androidx.emoji2:emoji2:1.3.0] AndroidManifest.xml:24:9-32:20
85            android:name="androidx.startup.InitializationProvider"
85-->[androidx.emoji2:emoji2:1.3.0] AndroidManifest.xml:25:13-67
86            android:authorities="com.banthi.androiddemos.androidx-startup"
86-->[androidx.emoji2:emoji2:1.3.0] AndroidManifest.xml:26:13-68
87            android:exported="false" >
87-->[androidx.emoji2:emoji2:1.3.0] AndroidManifest.xml:27:13-37
88            <meta-data
88-->[androidx.emoji2:emoji2:1.3.0] AndroidManifest.xml:29:13-31:52
89                android:name="androidx.emoji2.text.EmojiCompatInitializer"
89-->[androidx.emoji2:emoji2:1.3.0] AndroidManifest.xml:30:17-75
90                android:value="androidx.startup" />
90-->[androidx.emoji2:emoji2:1.3.0] AndroidManifest.xml:31:17-49
91            <meta-data
91-->[androidx.lifecycle:lifecycle-process:2.6.2] AndroidManifest.xml:29:13-31:52
92                android:name="androidx.lifecycle.ProcessLifecycleInitializer"
92-->[androidx.lifecycle:lifecycle-process:2.6.2] AndroidManifest.xml:30:17-78
93                android:value="androidx.startup" />
93-->[androidx.lifecycle:lifecycle-process:2.6.2] AndroidManifest.xml:31:17-49
94            <meta-data
94-->[androidx.profileinstaller:profileinstaller:1.4.0] AndroidManifest.xml:29:13-31:52
95                android:name="androidx.profileinstaller.ProfileInstallerInitializer"
95-->[androidx.profileinstaller:profileinstaller:1.4.0] AndroidManifest.xml:30:17-85
96                android:value="androidx.startup" />
96-->[androidx.profileinstaller:profileinstaller:1.4.0] AndroidManifest.xml:31:17-49
97        </provider>
98
99        <receiver
99-->[androidx.profileinstaller:profileinstaller:1.4.0] AndroidManifest.xml:34:9-52:20
100            android:name="androidx.profileinstaller.ProfileInstallReceiver"
100-->[androidx.profileinstaller:profileinstaller:1.4.0] AndroidManifest.xml:35:13-76
101            android:directBootAware="false"
101-->[androidx.profileinstaller:profileinstaller:1.4.0] AndroidManifest.xml:36:13-44
102            android:enabled="true"
102-->[androidx.profileinstaller:profileinstaller:1.4.0] AndroidManifest.xml:37:13-35
103            android:exported="true"
103-->[androidx.profileinstaller:profileinstaller:1.4.0] AndroidManifest.xml:38:13-36
104            android:permission="android.permission.DUMP" >
104-->[androidx.profileinstaller:profileinstaller:1.4.0] AndroidManifest.xml:39:13-57
105            <intent-filter>
105-->[androidx.profileinstaller:profileinstaller:1.4.0] AndroidManifest.xml:40:13-42:29
106                <action android:name="androidx.profileinstaller.action.INSTALL_PROFILE" />
106-->[androidx.profileinstaller:profileinstaller:1.4.0] AndroidManifest.xml:41:17-91
106-->[androidx.profileinstaller:profileinstaller:1.4.0] AndroidManifest.xml:41:25-88
107            </intent-filter>
108            <intent-filter>
108-->[androidx.profileinstaller:profileinstaller:1.4.0] AndroidManifest.xml:43:13-45:29
109                <action android:name="androidx.profileinstaller.action.SKIP_FILE" />
109-->[androidx.profileinstaller:profileinstaller:1.4.0] AndroidManifest.xml:44:17-85
109-->[androidx.profileinstaller:profileinstaller:1.4.0] AndroidManifest.xml:44:25-82
110            </intent-filter>
111            <intent-filter>
111-->[androidx.profileinstaller:profileinstaller:1.4.0] AndroidManifest.xml:46:13-48:29
112                <action android:name="androidx.profileinstaller.action.SAVE_PROFILE" />
112-->[androidx.profileinstaller:profileinstaller:1.4.0] AndroidManifest.xml:47:17-88
112-->[androidx.profileinstaller:profileinstaller:1.4.0] AndroidManifest.xml:47:25-85
113            </intent-filter>
114            <intent-filter>
114-->[androidx.profileinstaller:profileinstaller:1.4.0] AndroidManifest.xml:49:13-51:29
115                <action android:name="androidx.profileinstaller.action.BENCHMARK_OPERATION" />
115-->[androidx.profileinstaller:profileinstaller:1.4.0] AndroidManifest.xml:50:17-95
115-->[androidx.profileinstaller:profileinstaller:1.4.0] AndroidManifest.xml:50:25-92
116            </intent-filter>
117        </receiver>
118    </application>
119
120</manifest>